<?xml version="1.0" encoding="UTF-8"?>
<!-- Generated by org.testng.reporters.JUnitReportReporter -->
<testsuite hostname="DESKTOP-BLCFFFL" failures="0" tests="6" name="ParallelPackege.TestParallelRunner" time="483.542" errors="0" timestamp="2023-09-21T18:04:30 IST" skipped="0">
  <testcase classname="ParallelPackege.TestParallelRunner" name="runScenario" time="23.125"/>
  <testcase classname="ParallelPackege.TestParallelRunner" name="runScenario" time="21.489"/>
  <testcase classname="ParallelPackege.TestParallelRunner" name="runScenario" time="154.139"/>
  <testcase classname="ParallelPackege.TestParallelRunner" name="runScenario" time="95.700"/>
  <testcase classname="ParallelPackege.TestParallelRunner" name="runScenario" time="32.841"/>
  <testcase classname="ParallelPackege.TestParallelRunner" name="runScenario" time="156.248"/>
</testsuite> <!-- ParallelPackege.TestParallelRunner -->
