<?xml version="1.0" encoding="UTF-8"?>
<!-- Generated by org.testng.reporters.JUnitReportReporter -->
<testsuite hostname="DESKTOP-BLCFFFL" failures="0" tests="6" name="ParallelPackege.TestParallelRunner" time="322.532" errors="0" timestamp="2023-09-21T11:55:10 IST" skipped="0">
  <testcase classname="ParallelPackege.TestParallelRunner" name="runScenario" time="96.419"/>
  <testcase classname="ParallelPackege.TestParallelRunner" name="runScenario" time="15.673"/>
  <testcase classname="ParallelPackege.TestParallelRunner" name="runScenario" time="75.677"/>
  <testcase classname="ParallelPackege.TestParallelRunner" name="runScenario" time="18.922"/>
  <testcase classname="ParallelPackege.TestParallelRunner" name="runScenario" time="93.670"/>
  <testcase classname="ParallelPackege.TestParallelRunner" name="runScenario" time="22.171"/>
</testsuite> <!-- ParallelPackege.TestParallelRunner -->
